c:\users\alexey\documents\visual studio 2015\projects\discretemathcore\discretemathalgorithms\debug\discretemathalgorithms.pch
c:\users\alexey\documents\visual studio 2015\projects\discretemathcore\discretemathalgorithms\debug\vc140.pdb
c:\users\alexey\documents\visual studio 2015\projects\discretemathcore\discretemathalgorithms\debug\vc140.idb
c:\users\alexey\documents\visual studio 2015\projects\discretemathcore\discretemathalgorithms\debug\stdafx.obj
c:\users\alexey\documents\visual studio 2015\projects\discretemathcore\discretemathalgorithms\debug\matrix.obj
c:\users\alexey\documents\visual studio 2015\projects\discretemathcore\discretemathalgorithms\debug\discretemathalgorithms.obj
c:\users\alexey\documents\visual studio 2015\projects\discretemathcore\discretemathalgorithms\debug\gcd.obj
c:\users\alexey\documents\visual studio 2015\projects\discretemathcore\discretemathalgorithms\debug\polynom.obj
c:\users\alexey\documents\visual studio 2015\projects\discretemathcore\discretemathalgorithms\debug\dllmain.obj
c:\users\alexey\documents\visual studio 2015\projects\discretemathcore\debug\discretemathalgorithms.lib
c:\users\alexey\documents\visual studio 2015\projects\discretemathcore\debug\discretemathalgorithms.exp
c:\users\alexey\documents\visual studio 2015\projects\discretemathcore\debug\discretemathalgorithms.ilk
c:\users\alexey\documents\visual studio 2015\projects\discretemathcore\debug\discretemathalgorithms.dll
c:\users\alexey\documents\visual studio 2015\projects\discretemathcore\debug\discretemathalgorithms.pdb
c:\users\alexey\documents\visual studio 2015\projects\discretemathcore\discretemathalgorithms\debug\discrete.f625c857.tlog\cl.command.1.tlog
c:\users\alexey\documents\visual studio 2015\projects\discretemathcore\discretemathalgorithms\debug\discrete.f625c857.tlog\cl.read.1.tlog
c:\users\alexey\documents\visual studio 2015\projects\discretemathcore\discretemathalgorithms\debug\discrete.f625c857.tlog\cl.write.1.tlog
c:\users\alexey\documents\visual studio 2015\projects\discretemathcore\discretemathalgorithms\debug\discrete.f625c857.tlog\discretemathalgorithms.write.1u.tlog
c:\users\alexey\documents\visual studio 2015\projects\discretemathcore\discretemathalgorithms\debug\discrete.f625c857.tlog\link.command.1.tlog
c:\users\alexey\documents\visual studio 2015\projects\discretemathcore\discretemathalgorithms\debug\discrete.f625c857.tlog\link.read.1.tlog
c:\users\alexey\documents\visual studio 2015\projects\discretemathcore\discretemathalgorithms\debug\discrete.f625c857.tlog\link.write.1.tlog
